<?xml version="1.0" encoding="UTF-8"?>
<testsuite name="az.edu.turing.service.AuthServiceTest" tests="7" skipped="0" failures="0" errors="0" timestamp="2024-11-03T14:08:33" hostname="ACERASPIRE5" time="1.893">
  <properties/>
  <testcase name="logout_Success()" classname="az.edu.turing.service.AuthServiceTest" time="1.826"/>
  <testcase name="login_RefreshTokenExists_ThrowsBadRequestException()" classname="az.edu.turing.service.AuthServiceTest" time="0.012"/>
  <testcase name="refresh_UserNotFound_ThrowsNotFoundException()" classname="az.edu.turing.service.AuthServiceTest" time="0.005"/>
  <testcase name="logout_TokenExpired_ThrowsBadRequestException()" classname="az.edu.turing.service.AuthServiceTest" time="0.004"/>
  <testcase name="register_UserAlreadyExists_ThrowsBadRequestException()" classname="az.edu.turing.service.AuthServiceTest" time="0.008"/>
  <testcase name="login_UserNotFound_ThrowsNotFoundException()" classname="az.edu.turing.service.AuthServiceTest" time="0.006"/>
  <testcase name="register_Success()" classname="az.edu.turing.service.AuthServiceTest" time="0.019"/>
  <system-out><![CDATA[18:08:35.496 [Test worker] INFO az.edu.turing.service.AuthService -- Registered user with id: 1
]]></system-out>
  <system-err><![CDATA[WARNING: A Java agent has been loaded dynamically (C:\Users\knanq\.gradle\caches\modules-2\files-2.1\net.bytebuddy\byte-buddy-agent\1.14.19\154da3a65b4f4a909d3e5bdec55d1b2b4cbb6ce1\byte-buddy-agent-1.14.19.jar)
WARNING: If a serviceability tool is in use, please run with -XX:+EnableDynamicAgentLoading to hide this warning
WARNING: If a serviceability tool is not in use, please run with -Djdk.instrument.traceUsage for more information
WARNING: Dynamic loading of agents will be disallowed by default in a future release
]]></system-err>
</testsuite>
